Daily activity on Wed Sep 24 10:09:06 UTC 2025
Daily activity on Wed Sep 24 10:09:15 UTC 2025
Daily activity on Wed Sep 24 10:10:13 UTC 2025
Daily activity on Wed Sep 24 10:10:23 UTC 2025
Daily activity on Wed Sep 24 12:53:00 UTC 2025
Daily activity on Wed Sep 24 15:26:42 UTC 2025
Daily activity on Wed Sep 24 18:33:34 UTC 2025
Daily activity on Wed Sep 24 21:21:44 UTC 2025
Daily activity on Thu Sep 25 01:56:07 UTC 2025
Daily activity on Thu Sep 25 03:36:33 UTC 2025
Daily activity on Thu Sep 25 06:37:25 UTC 2025
Daily activity on Thu Sep 25 09:27:02 UTC 2025
Daily activity on Thu Sep 25 12:54:09 UTC 2025
Daily activity on Thu Sep 25 15:27:16 UTC 2025
Daily activity on Thu Sep 25 18:36:22 UTC 2025
Daily activity on Thu Sep 25 21:20:40 UTC 2025
Daily activity on Fri Sep 26 01:55:21 UTC 2025
Daily activity on Fri Sep 26 03:34:19 UTC 2025
Daily activity on Fri Sep 26 06:36:29 UTC 2025
Daily activity on Fri Sep 26 09:27:02 UTC 2025
Daily activity on Fri Sep 26 12:52:35 UTC 2025
Daily activity on Fri Sep 26 15:26:02 UTC 2025
Daily activity on Fri Sep 26 18:33:17 UTC 2025
Daily activity on Fri Sep 26 21:20:53 UTC 2025
Daily activity on Sat Sep 27 01:50:45 UTC 2025
Daily activity on Sat Sep 27 03:30:50 UTC 2025
Daily activity on Sat Sep 27 06:32:26 UTC 2025
Daily activity on Sat Sep 27 09:21:43 UTC 2025
Daily activity on Sat Sep 27 12:45:54 UTC 2025
Daily activity on Sat Sep 27 15:21:29 UTC 2025
Daily activity on Sat Sep 27 18:31:47 UTC 2025
Daily activity on Sat Sep 27 21:19:52 UTC 2025
Daily activity on Sun Sep 28 02:05:03 UTC 2025
Daily activity on Sun Sep 28 03:40:11 UTC 2025
Daily activity on Sun Sep 28 06:34:16 UTC 2025
Daily activity on Sun Sep 28 09:22:24 UTC 2025
Daily activity on Sun Sep 28 12:47:17 UTC 2025
Daily activity on Sun Sep 28 15:20:54 UTC 2025
Daily activity on Sun Sep 28 18:31:09 UTC 2025
Daily activity on Sun Sep 28 21:19:50 UTC 2025
Daily activity on Mon Sep 29 01:58:41 UTC 2025
Daily activity on Mon Sep 29 03:39:31 UTC 2025
Daily activity on Mon Sep 29 06:39:03 UTC 2025
Daily activity on Mon Sep 29 09:29:44 UTC 2025
Daily activity on Mon Sep 29 12:54:56 UTC 2025
Daily activity on Mon Sep 29 15:26:19 UTC 2025
Daily activity on Mon Sep 29 18:36:11 UTC 2025
Daily activity on Mon Sep 29 21:21:04 UTC 2025
Daily activity on Tue Sep 30 01:53:27 UTC 2025
Daily activity on Tue Sep 30 03:34:24 UTC 2025
Daily activity on Tue Sep 30 06:37:55 UTC 2025
